<?xml version="1.0" encoding="UTF-8"?>
<testsuite xmlns:xsi="http://www.w3.org/2001/XMLSchema-instance" xsi:noNamespaceSchemaLocation="https://maven.apache.org/surefire/maven-surefire-plugin/xsd/surefire-test-report.xsd" name="com.epam.esm.AppTest" time="0.026" tests="1" errors="0" skipped="0" failures="0">
  <properties>
    <property name="java.specification.version" value="19"/>
    <property name="sun.jnu.encoding" value="UTF-8"/>
    <property name="java.class.path" value="/home/kakty3/IdeaProjects/SpringJDBCRest/target/test-classes:/home/kakty3/IdeaProjects/SpringJDBCRest/target/classes:/home/kakty3/.m2/repository/junit/junit/4.13.2/junit-4.13.2.jar:/home/kakty3/.m2/repository/org/hamcrest/hamcrest-core/1.3/hamcrest-core-1.3.jar:/home/kakty3/.m2/repository/org/springframework/spring-context/5.3.27/spring-context-5.3.27.jar:/home/kakty3/.m2/repository/org/springframework/spring-aop/5.3.27/spring-aop-5.3.27.jar:/home/kakty3/.m2/repository/org/springframework/spring-expression/5.3.27/spring-expression-5.3.27.jar:/home/kakty3/.m2/repository/org/springframework/spring-core/5.3.27/spring-core-5.3.27.jar:/home/kakty3/.m2/repository/org/springframework/spring-jcl/5.3.27/spring-jcl-5.3.27.jar:/home/kakty3/.m2/repository/org/springframework/spring-beans/5.3.27/spring-beans-5.3.27.jar:/home/kakty3/.m2/repository/org/springframework/spring-webmvc/5.3.27/spring-webmvc-5.3.27.jar:/home/kakty3/.m2/repository/org/springframework/spring-web/5.3.27/spring-web-5.3.27.jar:/home/kakty3/.m2/repository/org/springframework/spring-jdbc/5.3.27/spring-jdbc-5.3.27.jar:/home/kakty3/.m2/repository/org/springframework/spring-tx/5.3.27/spring-tx-5.3.27.jar:/home/kakty3/.m2/repository/com/fasterxml/jackson/core/jackson-databind/2.15.0/jackson-databind-2.15.0.jar:/home/kakty3/.m2/repository/com/fasterxml/jackson/core/jackson-annotations/2.15.0/jackson-annotations-2.15.0.jar:/home/kakty3/.m2/repository/com/fasterxml/jackson/core/jackson-core/2.15.0/jackson-core-2.15.0.jar:/home/kakty3/.m2/repository/com/fasterxml/jackson/datatype/jackson-datatype-jsr310/2.15.0/jackson-datatype-jsr310-2.15.0.jar:/home/kakty3/.m2/repository/javax/servlet/jstl/1.2/jstl-1.2.jar:/home/kakty3/.m2/repository/com/mysql/mysql-connector-j/8.0.33/mysql-connector-j-8.0.33.jar:/home/kakty3/.m2/repository/com/google/protobuf/protobuf-java/3.21.9/protobuf-java-3.21.9.jar:"/>
    <property name="java.vm.vendor" value="Oracle Corporation"/>
    <property name="sun.arch.data.model" value="64"/>
    <property name="java.vendor.url" value="https://java.oracle.com/"/>
    <property name="os.name" value="Linux"/>
    <property name="java.vm.specification.version" value="19"/>
    <property name="sun.java.launcher" value="SUN_STANDARD"/>
    <property name="user.country" value="US"/>
    <property name="sun.boot.library.path" value="/home/kakty3/.jdks/openjdk-19/lib"/>
    <property name="sun.java.command" value="/home/kakty3/IdeaProjects/SpringJDBCRest/target/surefire/surefirebooter3335429051248814135.jar /home/kakty3/IdeaProjects/SpringJDBCRest/target/surefire 2023-05-01T00-27-18_404-jvmRun1 surefire11775148194996943082tmp surefire_011473982034883817590tmp"/>
    <property name="jdk.debug" value="release"/>
    <property name="surefire.test.class.path" value="/home/kakty3/IdeaProjects/SpringJDBCRest/target/test-classes:/home/kakty3/IdeaProjects/SpringJDBCRest/target/classes:/home/kakty3/.m2/repository/junit/junit/4.13.2/junit-4.13.2.jar:/home/kakty3/.m2/repository/org/hamcrest/hamcrest-core/1.3/hamcrest-core-1.3.jar:/home/kakty3/.m2/repository/org/springframework/spring-context/5.3.27/spring-context-5.3.27.jar:/home/kakty3/.m2/repository/org/springframework/spring-aop/5.3.27/spring-aop-5.3.27.jar:/home/kakty3/.m2/repository/org/springframework/spring-expression/5.3.27/spring-expression-5.3.27.jar:/home/kakty3/.m2/repository/org/springframework/spring-core/5.3.27/spring-core-5.3.27.jar:/home/kakty3/.m2/repository/org/springframework/spring-jcl/5.3.27/spring-jcl-5.3.27.jar:/home/kakty3/.m2/repository/org/springframework/spring-beans/5.3.27/spring-beans-5.3.27.jar:/home/kakty3/.m2/repository/org/springframework/spring-webmvc/5.3.27/spring-webmvc-5.3.27.jar:/home/kakty3/.m2/repository/org/springframework/spring-web/5.3.27/spring-web-5.3.27.jar:/home/kakty3/.m2/repository/org/springframework/spring-jdbc/5.3.27/spring-jdbc-5.3.27.jar:/home/kakty3/.m2/repository/org/springframework/spring-tx/5.3.27/spring-tx-5.3.27.jar:/home/kakty3/.m2/repository/com/fasterxml/jackson/core/jackson-databind/2.15.0/jackson-databind-2.15.0.jar:/home/kakty3/.m2/repository/com/fasterxml/jackson/core/jackson-annotations/2.15.0/jackson-annotations-2.15.0.jar:/home/kakty3/.m2/repository/com/fasterxml/jackson/core/jackson-core/2.15.0/jackson-core-2.15.0.jar:/home/kakty3/.m2/repository/com/fasterxml/jackson/datatype/jackson-datatype-jsr310/2.15.0/jackson-datatype-jsr310-2.15.0.jar:/home/kakty3/.m2/repository/javax/servlet/jstl/1.2/jstl-1.2.jar:/home/kakty3/.m2/repository/com/mysql/mysql-connector-j/8.0.33/mysql-connector-j-8.0.33.jar:/home/kakty3/.m2/repository/com/google/protobuf/protobuf-java/3.21.9/protobuf-java-3.21.9.jar:"/>
    <property name="sun.cpu.endian" value="little"/>
    <property name="user.home" value="/home/kakty3"/>
    <property name="user.language" value="en"/>
    <property name="java.specification.vendor" value="Oracle Corporation"/>
    <property name="java.version.date" value="2022-09-20"/>
    <property name="java.home" value="/home/kakty3/.jdks/openjdk-19"/>
    <property name="file.separator" value="/"/>
    <property name="basedir" value="/home/kakty3/IdeaProjects/SpringJDBCRest"/>
    <property name="java.vm.compressedOopsMode" value="Zero based"/>
    <property name="line.separator" value="&#10;"/>
    <property name="java.specification.name" value="Java Platform API Specification"/>
    <property name="java.vm.specification.vendor" value="Oracle Corporation"/>
    <property name="surefire.real.class.path" value="/home/kakty3/IdeaProjects/SpringJDBCRest/target/surefire/surefirebooter3335429051248814135.jar"/>
    <property name="sun.management.compiler" value="HotSpot 64-Bit Tiered Compilers"/>
    <property name="java.runtime.version" value="19+36-2238"/>
    <property name="user.name" value="kakty3"/>
    <property name="stdout.encoding" value="UTF-8"/>
    <property name="path.separator" value=":"/>
    <property name="os.version" value="5.10.0-22-amd64"/>
    <property name="java.runtime.name" value="OpenJDK Runtime Environment"/>
    <property name="file.encoding" value="UTF-8"/>
    <property name="java.vm.name" value="OpenJDK 64-Bit Server VM"/>
    <property name="localRepository" value="/home/kakty3/.m2/repository"/>
    <property name="java.vendor.url.bug" value="https://bugreport.java.com/bugreport/"/>
    <property name="java.io.tmpdir" value="/tmp"/>
    <property name="idea.version" value="2021.3"/>
    <property name="java.version" value="19"/>
    <property name="user.dir" value="/home/kakty3/IdeaProjects/SpringJDBCRest"/>
    <property name="os.arch" value="amd64"/>
    <property name="java.vm.specification.name" value="Java Virtual Machine Specification"/>
    <property name="native.encoding" value="UTF-8"/>
    <property name="java.library.path" value="/usr/java/packages/lib:/usr/lib64:/lib64:/lib:/usr/lib"/>
    <property name="java.vm.info" value="mixed mode, sharing"/>
    <property name="stderr.encoding" value="UTF-8"/>
    <property name="java.vendor" value="Oracle Corporation"/>
    <property name="java.vm.version" value="19+36-2238"/>
    <property name="sun.io.unicode.encoding" value="UnicodeLittle"/>
    <property name="java.class.version" value="63.0"/>
  </properties>
  <testcase name="shouldAnswerWithTrue" classname="com.epam.esm.AppTest" time="0.003"/>
</testsuite>